  
       XFOIL         Version 6.94
  
 Calculated polar for: 1                                               
  
 1 1 Reynolds number fixed          Mach number fixed         
  
 xtrf =   1.000 (top)        1.000 (bottom)  
 Mach =   0.000     Re =     0.040 e 6     Ncrit =   9.000
  
  alpha     CL        CD       CDp       CM    Top_Xtr Bot_Xtr
 ------- -------- --------- --------- -------- ------- -------
   0.000   0.0349   0.02778   0.01954  -0.0463  1.0000  1.0000
   1.000   0.1277   0.03002   0.01951  -0.0463  1.0000  1.0000
   2.000   0.2062   0.03264   0.02104  -0.0442  1.0000  1.0000
   3.000   0.2778   0.03584   0.02372  -0.0420  1.0000  1.0000
   4.000   0.3425   0.03986   0.02762  -0.0402  1.0000  1.0000
   5.000   0.3972   0.04520   0.03318  -0.0394  1.0000  1.0000
   6.000   0.7786   0.04593   0.03546  -0.0774  0.7513  1.0000
   9.000   1.2951   0.05392   0.04283  -0.0802  0.1809  1.0000
  10.000   1.3102   0.06011   0.04971  -0.0678  0.1406  1.0000
  11.000   1.2941   0.07083   0.06150  -0.0537  0.1272  1.0000
  12.000   1.1888   0.08686   0.07848  -0.0392  0.1262  1.0000
  13.000   1.0803   0.11397   0.10580  -0.0435  0.1305  1.0000
   0.000  -0.0669   0.03356   0.02375  -0.0219  1.0000  0.2837
   1.000   0.1073   0.03390   0.02361  -0.0387  0.9415  0.4084
   1.000  -0.4198   0.05983   0.05132   0.0349  1.0000  0.2965
   4.000  -0.0543   0.05595   0.04391   0.0154  0.9953  0.3034
   6.000   0.2913   0.08088   0.06944  -0.0274  0.9229  1.0000
   7.000   0.4619   0.08191   0.07021  -0.0385  0.7553  1.0000
   8.000   0.5892   0.08303   0.07139  -0.0406  0.6551  1.0000
   9.000   0.6899   0.08395   0.07245  -0.0380  0.5668  1.0000
  10.000   0.7814   0.08482   0.07362  -0.0330  0.4879  1.0000
  11.000   0.8453   0.08864   0.07762  -0.0266  0.4213  1.0000
  12.000   0.9635   0.08500   0.07417  -0.0189  0.3631  1.0000
  14.000   0.6841   0.16505   0.15450  -0.0404  0.4781  1.0000
  15.000   0.6832   0.17450   0.16401  -0.0405  0.4517  1.0000
   0.000  -0.1212   0.04449   0.03449  -0.0290  1.0000  0.1664
   1.000  -0.0484   0.04271   0.03190  -0.0259  1.0000  0.1761
   4.000   0.4202   0.05469   0.04333  -0.0558  0.7572  1.0000
   5.000   0.5184   0.05968   0.04811  -0.0572  0.6912  1.0000
   6.000   0.6351   0.06398   0.05233  -0.0587  0.6269  1.0000
   8.000   0.7089   0.08169   0.07027  -0.0532  0.5150  1.0000
   9.000   0.7372   0.09335   0.08207  -0.0524  0.4710  1.0000
  10.000   0.7336   0.10913   0.09802  -0.0541  0.4465  1.0000
  14.000   0.7618   0.16990   0.15964  -0.0715  0.4181  1.0000
  15.000   0.8198   0.18798   0.17795  -0.0748  0.3819  1.0000
   0.000??????????????????????????????????????  0.5978  1.0000
