  
       XFOIL         Version 6.94
  
 Calculated polar for: 10                                              
  
 1 1 Reynolds number fixed          Mach number fixed         
  
 xtrf =   1.000 (top)        1.000 (bottom)  
 Mach =   0.000     Re =     0.040 e 6     Ncrit =   9.000
  
  alpha     CL        CD       CDp       CM    Top_Xtr Bot_Xtr
 ------- -------- --------- --------- -------- ------- -------
   0.000  -0.1387   0.03126   0.01869  -0.0189  1.0000  0.2751
   1.000  -0.0142   0.02811   0.01605  -0.0221  1.0000  0.4881
   2.000   0.1167   0.02906   0.01663  -0.0282  1.0000  1.0000
   3.000   0.1878   0.03139   0.01879  -0.0244  1.0000  1.0000
   4.000   0.2554   0.03428   0.02198  -0.0208  1.0000  1.0000
   5.000   0.3192   0.03784   0.02629  -0.0178  1.0000  1.0000
   1.000  -0.3167   0.04328   0.03285  -0.0002  1.0000  0.5179
   2.000  -0.2510   0.04346   0.03319   0.0057  1.0000  0.6544
   3.000  -0.0852   0.04572   0.03592  -0.0135  1.0000  1.0000
   4.000  -0.0127   0.05000   0.03936  -0.0150  1.0000  1.0000
   5.000   0.0635   0.05629   0.04527  -0.0180  0.9905  1.0000
   6.000   0.1762   0.06837   0.05718  -0.0288  0.9475  1.0000
   7.000   0.3437   0.07374   0.06259  -0.0424  0.7926  1.0000
   8.000   0.5059   0.07585   0.06486  -0.0488  0.6775  1.0000
   9.000   0.6488   0.07477   0.06414  -0.0485  0.5780  1.0000
   0.000  -0.3089   0.03498   0.02456  -0.0130  1.0000  0.6499
   1.000  -0.2775   0.03344   0.02347   0.0048  1.0000  0.8321
   2.000  -0.1148   0.03258   0.02210  -0.0143  1.0000  1.0000
   3.000  -0.0190   0.03468   0.02353  -0.0177  1.0000  1.0000
   4.000   0.0628   0.03737   0.02598  -0.0175  1.0000  1.0000
   5.000   0.1368   0.04065   0.02937  -0.0164  1.0000  1.0000
   6.000   0.2029   0.04473   0.03374  -0.0153  1.0000  1.0000
   7.000   0.2586   0.05006   0.03960  -0.0149  1.0000  1.0000
   9.000   1.0850   0.06396   0.05413  -0.0704  0.1281  1.0000
  10.000   1.0183   0.07524   0.06688  -0.0465  0.1402  1.0000
  12.000   0.7349   0.12331   0.11578  -0.0448  0.2183  1.0000
  13.000   0.6604   0.15038   0.14267  -0.0651  0.3680  1.0000
  14.000   0.6847   0.16427   0.15644  -0.0671  0.3235  1.0000
  15.000   0.7102   0.17784   0.16989  -0.0697  0.2835  1.0000
   0.000  -0.0996   0.03624   0.02363  -0.0057  1.0000  1.0000
   1.000  -0.0279   0.03674   0.02369   0.0007  1.0000  1.0000
   2.000   0.0442   0.03749   0.02432   0.0069  1.0000  1.0000
   3.000   0.1164   0.03850   0.02547   0.0128  1.0000  1.0000
   4.000   0.1883   0.03979   0.02725   0.0185  1.0000  1.0000
   5.000   0.2604   0.04141   0.03000   0.0239  1.0000  1.0000
   0.000??????????????????????????????????????  1.0000  1.0000
