  
       XFOIL         Version 6.94
  
 Calculated polar for: 2                                               
  
 1 1 Reynolds number fixed          Mach number fixed         
  
 xtrf =   1.000 (top)        1.000 (bottom)  
 Mach =   0.000     Re =     0.040 e 6     Ncrit =   9.000
  
  alpha     CL        CD       CDp       CM    Top_Xtr Bot_Xtr
 ------- -------- --------- --------- -------- ------- -------
   2.000   0.0803   0.03525   0.02255  -0.0336  1.0000  1.0000
   3.000   0.1588   0.03759   0.02438  -0.0304  1.0000  1.0000
   4.000   0.2349   0.04026   0.02691  -0.0274  1.0000  1.0000
   5.000   0.3085   0.04332   0.03012  -0.0246  1.0000  1.0000
   6.000   0.3790   0.04684   0.03415  -0.0219  1.0000  1.0000
   7.000   0.4457   0.05101   0.03932  -0.0195  1.0000  1.0000
   1.000   0.0199   0.03198   0.02003  -0.0071  1.0000  1.0000
   2.000   0.0882   0.03301   0.02100  -0.0003  1.0000  1.0000
   3.000   0.1539   0.03444   0.02277   0.0064  1.0000  1.0000
   4.000   0.2153   0.03647   0.02535   0.0129  1.0000  1.0000
   5.000   0.2673   0.03964   0.02945   0.0189  1.0000  1.0000
   7.000   0.8801   0.06198   0.05261  -0.0310  0.1448  1.0000
   8.000   0.8466   0.07862   0.07059  -0.0134  0.1879  1.0000
  11.000   0.4718   0.12785   0.12016  -0.0070  0.3581  1.0000
  12.000   0.4708   0.13862   0.13078  -0.0043  0.3112  1.0000
  13.000   0.5043   0.15412   0.14620  -0.0020  0.2695  1.0000
  14.000   0.4653   0.15484   0.14681  -0.0020  0.2422  1.0000
  15.000   0.4701   0.16271   0.15470  -0.0022  0.2141  1.0000
   0.000  -0.0712   0.05575   0.04712  -0.0516  0.9167  0.2609
   2.000  -0.0386   0.05057   0.04066  -0.0350  1.0000  0.3002
   3.000   0.0827   0.05604   0.04548  -0.0442  0.9796  0.3943
   4.000   0.2393   0.06321   0.05337  -0.0603  0.9131  1.0000
   5.000   0.3551   0.07547   0.06479  -0.0685  0.8503  1.0000
   6.000   0.4117   0.08197   0.07098  -0.0680  0.7923  1.0000
   7.000   0.4768   0.09124   0.08008  -0.0691  0.7378  1.0000
   8.000   0.5351   0.10131   0.09013  -0.0701  0.6876  1.0000
   9.000   0.5868   0.11210   0.10096  -0.0710  0.6400  1.0000
  10.000   0.6374   0.12418   0.11313  -0.0725  0.5955  1.0000
  11.000   0.6989   0.13893   0.12812  -0.0748  0.5505  1.0000
  12.000   0.7411   0.15128   0.14067  -0.0761  0.5037  1.0000
  13.000   0.7536   0.16058   0.15012  -0.0777  0.4614  1.0000
  14.000   0.7880   0.17429   0.16400  -0.0808  0.4252  1.0000
  15.000   0.8273   0.18768   0.17769  -0.0837  0.3864  1.0000
   0.000??????????????????????????????????????  1.0000  1.0000
