  
       XFOIL         Version 6.94
  
 Calculated polar for: 3                                               
  
 1 1 Reynolds number fixed          Mach number fixed         
  
 xtrf =   1.000 (top)        1.000 (bottom)  
 Mach =   0.000     Re =     0.040 e 6     Ncrit =   9.000
  
  alpha     CL        CD       CDp       CM    Top_Xtr Bot_Xtr
 ------- -------- --------- --------- -------- ------- -------
   0.000  -0.1849   0.02750   0.01605  -0.0039  1.0000  0.4242
   1.000  -0.0576   0.02600   0.01554  -0.0052  1.0000  1.0000
   2.000   0.0168   0.02726   0.01631  -0.0003  1.0000  1.0000
   3.000   0.0902   0.02899   0.01793   0.0041  1.0000  1.0000
   4.000   0.1602   0.03131   0.02052   0.0080  1.0000  1.0000
   6.000   0.8504   0.04213   0.03036  -0.0503  0.2144  1.0000
   8.000   0.8988   0.06567   0.05601  -0.0274  0.2031  1.0000
  12.000   0.6530   0.14769   0.13857  -0.0368  0.3595  1.0000
  13.000   0.6641   0.15962   0.15038  -0.0372  0.3130  1.0000
  14.000   0.6753   0.17043   0.16107  -0.0388  0.2674  1.0000
  15.000   0.6837   0.18001   0.17064  -0.0425  0.2370  1.0000
   1.000  -0.3879   0.05114   0.04488   0.0497  1.0000  0.6083
   2.000  -0.3202   0.04495   0.03832   0.0517  1.0000  0.6414
   4.000   0.0296   0.04773   0.03694   0.0160  1.0000  0.2389
   5.000   0.1864   0.05188   0.04069  -0.0006  1.0000  0.3032
   9.000   1.3227   0.05276   0.04010  -0.0876  0.2687  1.0000
  11.000   1.2192   0.07391   0.06333  -0.0417  0.2440  1.0000
   0.000  -0.1786   0.05209   0.04218  -0.0193  1.0000  1.0000
   1.000  -0.1092   0.05439   0.04313  -0.0148  1.0000  1.0000
   2.000  -0.0429   0.05702   0.04490  -0.0102  1.0000  1.0000
   3.000   0.0218   0.06003   0.04742  -0.0059  1.0000  1.0000
   4.000   0.0848   0.06348   0.05060  -0.0020  1.0000  1.0000
   5.000   0.1455   0.06743   0.05447   0.0015  1.0000  1.0000
   7.000   0.2765   0.07720   0.06465   0.0019  0.9838  1.0000
   8.000   0.3904   0.08582   0.07402  -0.0102  0.8942  1.0000
  10.000   1.0839   0.05054   0.03762  -0.0312  0.2560  1.0000
  13.000   1.0156   0.09015   0.08027   0.0037  0.2155  1.0000
   0.000   0.0966   0.03073   0.01818  -0.0703  1.0000  0.1320
   4.000   0.4314   0.03318   0.01995  -0.0571  1.0000  1.0000
   5.000   0.5029   0.03646   0.02397  -0.0546  1.0000  1.0000
   0.000??????????????????????????????????????  1.0000  1.0000
