  
       XFOIL         Version 6.94
  
 Calculated polar for: 4                                               
  
 1 1 Reynolds number fixed          Mach number fixed         
  
 xtrf =   1.000 (top)        1.000 (bottom)  
 Mach =   0.000     Re =     0.040 e 6     Ncrit =   9.000
  
  alpha     CL        CD       CDp       CM    Top_Xtr Bot_Xtr
 ------- -------- --------- --------- -------- ------- -------
   0.000  -0.0280   0.02689   0.01431  -0.0079  1.0000  1.0000
   1.000   0.0330   0.02830   0.01523  -0.0017  1.0000  1.0000
   2.000   0.0921   0.03027   0.01702   0.0039  1.0000  1.0000
   3.000   0.1479   0.03295   0.01978   0.0087  1.0000  1.0000
   4.000   0.1990   0.03656   0.02362   0.0123  1.0000  1.0000
   5.000   0.3217   0.04278   0.03075  -0.0010  0.9534  1.0000
   6.000   0.5988   0.04269   0.03298  -0.0274  0.7657  1.0000
  10.000   0.8417   0.08292   0.07532   0.0153  0.1432  1.0000
  13.000   0.6945   0.16241   0.15434  -0.0206  0.3138  1.0000
  14.000   0.6713   0.17019   0.16192  -0.0221  0.2753  1.0000
  15.000   0.6992   0.18713   0.17878  -0.0220  0.2252  1.0000
   0.000  -0.1469   0.04283   0.03214  -0.0470  1.0000  0.2644
   1.000  -0.0616   0.03964   0.02812  -0.0450  1.0000  0.3149
   2.000   0.0271   0.03902   0.02732  -0.0432  1.0000  0.4219
   3.000   0.1328   0.03857   0.02782  -0.0452  1.0000  1.0000
   4.000   0.1999   0.04245   0.03100  -0.0430  1.0000  1.0000
   5.000   0.2569   0.04731   0.03568  -0.0413  1.0000  1.0000
   6.000   0.3105   0.05355   0.04206  -0.0415  0.9975  1.0000
   7.000   0.5521   0.06322   0.05218  -0.0688  0.8281  1.0000
   8.000   0.7047   0.06537   0.05518  -0.0755  0.7201  1.0000
  12.000   1.2202   0.08076   0.07169  -0.0472  0.1117  1.0000
  13.000   1.1408   0.09767   0.08941  -0.0361  0.1140  1.0000
   1.000  -0.1837   0.04670   0.03634  -0.0219  1.0000  0.2862
   2.000  -0.1084   0.04366   0.03260  -0.0184  1.0000  0.3226
   3.000  -0.0134   0.04361   0.03197  -0.0189  1.0000  0.4005
   6.000   0.2929   0.05868   0.04750  -0.0378  0.9930  1.0000
   7.000   0.5213   0.06641   0.05542  -0.0622  0.8133  1.0000
   8.000   0.6951   0.06568   0.05527  -0.0686  0.6906  1.0000
   0.000??????????????????????????????????????  0.6146  0.4560
