  
       XFOIL         Version 6.94
  
 Calculated polar for: 5                                               
  
 1 1 Reynolds number fixed          Mach number fixed         
  
 xtrf =   1.000 (top)        1.000 (bottom)  
 Mach =   0.000     Re =     0.040 e 6     Ncrit =   9.000
  
  alpha     CL        CD       CDp       CM    Top_Xtr Bot_Xtr
 ------- -------- --------- --------- -------- ------- -------
   0.000  -0.1146   0.03837   0.02767  -0.0235  1.0000  0.1801
   1.000  -0.0258   0.03699   0.02550  -0.0218  1.0000  0.2429
   3.000   0.1279   0.04035   0.02900  -0.0199  1.0000  1.0000
   4.000   0.1862   0.04520   0.03337  -0.0194  1.0000  1.0000
   5.000   0.2414   0.05092   0.03885  -0.0197  1.0000  1.0000
   6.000   0.3858   0.06545   0.05335  -0.0380  0.9245  1.0000
   7.000   0.4734   0.07387   0.06198  -0.0443  0.8349  1.0000
   9.000   0.8142   0.08072   0.07022  -0.0460  0.5017  1.0000
  13.000   0.8615   0.13720   0.12786  -0.0462  0.2581  1.0000
   2.000   0.1114   0.03520   0.02467  -0.0648  1.0000  0.4835
   3.000   0.2066   0.03470   0.02467  -0.0630  1.0000  0.5933
   4.000   0.3019   0.03352   0.02526  -0.0620  1.0000  1.0000
   0.000  -0.1240   0.03745   0.02474  -0.0033  1.0000  1.0000
   1.000  -0.0874   0.03845   0.02526   0.0048  1.0000  1.0000
   2.000  -0.0457   0.04018   0.02669   0.0116  1.0000  1.0000
   3.000  -0.0009   0.04259   0.02895   0.0172  1.0000  1.0000
   4.000   0.0453   0.04567   0.03207   0.0217  1.0000  1.0000
   5.000   0.0918   0.04944   0.03610   0.0251  1.0000  1.0000
   7.000   0.1878   0.05942   0.04740   0.0276  0.9963  1.0000
   0.000  -0.1831   0.04161   0.02929  -0.0166  1.0000  1.0000
   1.000  -0.1181   0.04280   0.02985  -0.0108  1.0000  1.0000
   2.000  -0.0532   0.04437   0.03111  -0.0053  1.0000  1.0000
   3.000   0.0112   0.04634   0.03305   0.0000  1.0000  1.0000
   4.000   0.0742   0.04874   0.03574   0.0049  1.0000  1.0000
   5.000   0.1351   0.05167   0.03911   0.0096  1.0000  1.0000
   6.000   0.1930   0.05523   0.04343   0.0139  1.0000  1.0000
   0.000??????????????????????????????????????  1.0000  1.0000
