  
       XFOIL         Version 6.94
  
 Calculated polar for: 6                                               
  
 1 1 Reynolds number fixed          Mach number fixed         
  
 xtrf =   1.000 (top)        1.000 (bottom)  
 Mach =   0.000     Re =     0.040 e 6     Ncrit =   9.000
  
  alpha     CL        CD       CDp       CM    Top_Xtr Bot_Xtr
 ------- -------- --------- --------- -------- ------- -------
   2.000  -0.2860   0.05221   0.04235   0.0226  1.0000  0.2949
   3.000  -0.2182   0.05209   0.04164   0.0239  0.9957  0.3295
   6.000   0.4994   0.07436   0.06342  -0.0648  0.7209  1.0000
   7.000   0.5645   0.08054   0.06948  -0.0627  0.6615  1.0000
   8.000   0.6711   0.08565   0.07459  -0.0625  0.6013  1.0000
  12.000   0.7583   0.13251   0.12212  -0.0531  0.4314  1.0000
   0.000  -0.0233   0.02300   0.01248  -0.0275  1.0000  1.0000
   1.000   0.0445   0.02551   0.01384  -0.0265  1.0000  1.0000
   2.000   0.1698   0.03036   0.01813  -0.0370  0.9646  1.0000
   3.000   0.2988   0.03560   0.02328  -0.0473  0.9138  1.0000
   4.000   0.4094   0.04097   0.02887  -0.0538  0.8627  1.0000
   5.000   0.5101   0.04685   0.03552  -0.0581  0.8083  1.0000
   6.000   0.6129   0.05356   0.04315  -0.0618  0.7470  1.0000
   7.000   0.7008   0.06042   0.05159  -0.0620  0.6703  1.0000
  11.000   0.9270   0.10630   0.09917  -0.0231  0.0975  1.0000
  15.000   0.7484   0.20343   0.19722  -0.0933  0.2247  1.0000
   1.000  -0.1333   0.04096   0.03040  -0.0353  1.0000  0.5036
   2.000  -0.0721   0.04104   0.03120  -0.0264  1.0000  0.7047
   3.000   0.0416   0.04166   0.03153  -0.0345  1.0000  1.0000
   4.000   0.1156   0.04569   0.03494  -0.0346  1.0000  1.0000
   5.000   0.1791   0.05056   0.03960  -0.0341  1.0000  1.0000
   6.000   0.2604   0.05901   0.04809  -0.0394  0.9826  1.0000
   7.000   0.5281   0.06605   0.05551  -0.0650  0.7615  1.0000
   8.000   0.8161   0.05245   0.04283  -0.0705  0.5989  1.0000
  12.000   1.2495   0.07785   0.06824  -0.0556  0.2051  1.0000
   1.000  -0.0338   0.03542   0.02269  -0.0332  1.0000  0.2543
   0.000??????????????????????????????????????  1.0000  0.7851
