  
       XFOIL         Version 6.94
  
 Calculated polar for: 7                                               
  
 1 1 Reynolds number fixed          Mach number fixed         
  
 xtrf =   1.000 (top)        1.000 (bottom)  
 Mach =   0.000     Re =     0.040 e 6     Ncrit =   9.000
  
  alpha     CL        CD       CDp       CM    Top_Xtr Bot_Xtr
 ------- -------- --------- --------- -------- ------- -------
   0.000  -0.4618   0.04244   0.03082   0.0422  1.0000  0.2552
   1.000  -0.3449   0.04048   0.02809   0.0372  1.0000  0.3127
   3.000   0.0215   0.05132   0.03997  -0.0025  1.0000  1.0000
   4.000   0.0681   0.05611   0.04443   0.0008  1.0000  1.0000
   5.000   0.1680   0.06326   0.05149  -0.0086  0.9588  1.0000
   6.000   0.3707   0.06785   0.05614  -0.0267  0.7857  1.0000
   7.000   0.4844   0.07187   0.06032  -0.0292  0.7041  1.0000
   8.000   0.5933   0.07479   0.06362  -0.0284  0.6243  1.0000
   9.000   0.6514   0.07932   0.06844  -0.0226  0.5448  1.0000
  10.000   0.7131   0.08372   0.07318  -0.0160  0.4649  1.0000
  13.000   0.7120   0.12399   0.11404  -0.0068  0.3050  1.0000
  14.000   0.7156   0.14260   0.13277  -0.0089  0.2906  1.0000
   0.000  -0.2046   0.03843   0.02797  -0.0058  1.0000  0.3601
   1.000  -0.1131   0.03706   0.02618  -0.0039  1.0000  0.4788
   3.000   0.1873   0.04225   0.03129  -0.0295  1.0000  1.0000
   4.000   0.2521   0.04711   0.03594  -0.0284  1.0000  1.0000
   5.000   0.4955   0.05397   0.04306  -0.0557  0.8375  1.0000
   6.000   0.8054   0.03776   0.02771  -0.0622  0.6185  1.0000
   7.000   1.0860   0.03785   0.02531  -0.0770  0.3249  1.0000
   8.000   1.2034   0.04700   0.03477  -0.0783  0.2658  1.0000
   9.000   1.2287   0.05714   0.04586  -0.0659  0.2419  1.0000
  10.000   1.1546   0.06971   0.05950  -0.0436  0.2381  1.0000
  11.000   0.9697   0.09477   0.08518  -0.0313  0.2500  1.0000
  14.000   0.7675   0.17621   0.16652  -0.0684  0.3641  1.0000
  15.000   0.7988   0.19102   0.18134  -0.0700  0.3345  1.0000
   0.000  -0.0669   0.03356   0.02375  -0.0219  1.0000  0.2837
   1.000   0.1073   0.03390   0.02361  -0.0387  0.9415  0.4084
   0.000  -0.1491   0.03432   0.02340  -0.0106  1.0000  1.0000
   1.000  -0.0780   0.03547   0.02361  -0.0054  1.0000  1.0000
   2.000  -0.0067   0.03712   0.02473  -0.0007  1.0000  1.0000
   3.000   0.0632   0.03928   0.02665   0.0035  1.0000  1.0000
   4.000   0.1293   0.04210   0.02948   0.0072  1.0000  1.0000
   5.000   0.1875   0.04598   0.03358   0.0102  1.0000  1.0000
   6.000   0.3926   0.05282   0.04137  -0.0147  0.8687  1.0000
   7.000   0.8191   0.03244   0.02044  -0.0363  0.4310  1.0000
   9.000   1.1223   0.05328   0.04194  -0.0520  0.2224  1.0000
  10.000   1.0734   0.06357   0.05340  -0.0279  0.2153  1.0000
  11.000   0.9509   0.07709   0.06767  -0.0032  0.2202  1.0000
  14.000   0.6473   0.15977   0.15023  -0.0301  0.3803  1.0000
  15.000   0.6766   0.17351   0.16413  -0.0305  0.3350  1.0000
   0.000??????????????????????????????????????  1.0000  1.0000
