  
       XFOIL         Version 6.94
  
 Calculated polar for: 8                                               
  
 1 1 Reynolds number fixed          Mach number fixed         
  
 xtrf =   1.000 (top)        1.000 (bottom)  
 Mach =   0.000     Re =     0.040 e 6     Ncrit =   9.000
  
  alpha     CL        CD       CDp       CM    Top_Xtr Bot_Xtr
 ------- -------- --------- --------- -------- ------- -------
   1.000  -0.2245   0.05093   0.04157  -0.0056  1.0000  0.2985
   2.000  -0.1622   0.04902   0.03895  -0.0021  1.0000  0.3394
   3.000  -0.0832   0.05006   0.03939  -0.0030  1.0000  0.4053
   4.000   0.1005   0.05936   0.04898  -0.0262  0.9774  0.5805
   6.000   0.5531   0.07032   0.05940  -0.0722  0.7100  1.0000
   7.000   0.7137   0.06975   0.05880  -0.0742  0.6259  1.0000
   8.000   0.7879   0.07277   0.06190  -0.0684  0.5431  1.0000
   9.000   0.9297   0.06831   0.05764  -0.0619  0.4717  1.0000
  13.000   0.7331   0.16259   0.15247  -0.0751  0.4772  1.0000
  14.000   0.7351   0.17139   0.16130  -0.0755  0.4410  1.0000
  15.000   0.7730   0.18457   0.17452  -0.0767  0.4028  1.0000
   0.000  -0.5099   0.05010   0.03853   0.0156  1.0000  0.2190
   1.000  -0.4350   0.04621   0.03352   0.0208  1.0000  0.2496
   2.000  -0.2915   0.04567   0.03275   0.0117  1.0000  0.3479
   6.000   0.1117   0.06421   0.05108  -0.0025  0.9988  1.0000
   7.000   0.1940   0.07074   0.05778  -0.0054  0.9825  1.0000
   8.000   0.2634   0.07676   0.06406  -0.0070  0.9624  1.0000
   9.000   0.3328   0.08393   0.07169  -0.0097  0.9339  1.0000
  10.000   0.4077   0.09450   0.08299  -0.0147  0.8987  1.0000
  11.000   0.4738   0.10111   0.09041  -0.0188  0.8286  1.0000
  14.000   1.0323   0.08837   0.07893   0.0047  0.1068  1.0000
  15.000   0.9456   0.10631   0.09753   0.0125  0.1120  1.0000
   0.000  -0.3918   0.04194   0.03114   0.0514  1.0000  0.2307
   1.000  -0.3018   0.03798   0.02641   0.0539  1.0000  0.2630
   3.000   0.1687   0.04655   0.03572  -0.0055  1.0000  1.0000
   4.000   0.4636   0.04687   0.03601  -0.0427  0.8282  1.0000
   5.000   0.7186   0.03701   0.02649  -0.0546  0.6871  1.0000
   6.000   1.0548   0.03534   0.02376  -0.0860  0.4672  1.0000
   7.000   1.1411   0.04141   0.02976  -0.0806  0.3755  1.0000
   8.000   1.1824   0.04829   0.03709  -0.0676  0.3186  1.0000
   9.000   1.1712   0.05752   0.04697  -0.0479  0.2874  1.0000
  10.000   1.0571   0.06879   0.05891  -0.0176  0.2754  1.0000
  11.000   0.9374   0.08814   0.07853  -0.0022  0.2696  1.0000
  14.000   0.6709   0.16683   0.15703  -0.0286  0.3671  1.0000
  15.000   0.7267   0.18654   0.17696  -0.0288  0.3364  1.0000
   2.000   0.1403   0.03825   0.02814  -0.0691  1.0000  0.7670
   3.000   0.2544   0.03931   0.02822  -0.0747  1.0000  1.0000
   4.000   0.3399   0.04227   0.03090  -0.0730  1.0000  1.0000
   5.000   0.4200   0.04562   0.03450  -0.0707  1.0000  1.0000
   6.000   0.4957   0.04948   0.03895  -0.0683  1.0000  1.0000
   0.000??????????????????????????????????????  1.0000  1.0000
