  
       XFOIL         Version 6.94
  
 Calculated polar for: 9                                               
  
 1 1 Reynolds number fixed          Mach number fixed         
  
 xtrf =   1.000 (top)        1.000 (bottom)  
 Mach =   0.000     Re =     0.040 e 6     Ncrit =   9.000
  
  alpha     CL        CD       CDp       CM    Top_Xtr Bot_Xtr
 ------- -------- --------- --------- -------- ------- -------
   0.000  -0.1505   0.02781   0.01605  -0.0120  1.0000  1.0000
   1.000  -0.0736   0.02856   0.01619  -0.0069  1.0000  1.0000
   2.000   0.0036   0.02966   0.01700  -0.0021  1.0000  1.0000
   3.000   0.0800   0.03112   0.01847   0.0024  1.0000  1.0000
   4.000   0.1546   0.03301   0.02077   0.0067  1.0000  1.0000
   5.000   0.2252   0.03552   0.02390   0.0106  1.0000  1.0000
   9.000   0.8467   0.08010   0.07197  -0.0133  0.1884  1.0000
  11.000   0.6026   0.12622   0.11787  -0.0318  0.4279  1.0000
  12.000   0.6229   0.13834   0.12987  -0.0272  0.3408  1.0000
  13.000   0.6649   0.15653   0.14812  -0.0255  0.2912  1.0000
  14.000   0.6510   0.16512   0.15653  -0.0273  0.2525  1.0000
  15.000   0.6673   0.17895   0.17024  -0.0293  0.2237  1.0000
   0.000  -0.1199   0.02939   0.01676  -0.0031  1.0000  1.0000
   1.000  -0.0717   0.03038   0.01714   0.0040  1.0000  1.0000
   2.000  -0.0188   0.03197   0.01841   0.0098  1.0000  1.0000
   3.000   0.0362   0.03414   0.02046   0.0144  1.0000  1.0000
   4.000   0.0913   0.03692   0.02341   0.0182  1.0000  1.0000
   5.000   0.1452   0.04037   0.02734   0.0211  1.0000  1.0000
   7.000   0.2462   0.04993   0.03912   0.0245  1.0000  1.0000
   1.000  -0.0368   0.05260   0.04354  -0.0522  1.0000  0.2303
   2.000   0.0419   0.05178   0.04190  -0.0531  1.0000  0.2561
   3.000   0.1197   0.05406   0.04342  -0.0539  1.0000  0.3109
   4.000   0.2681   0.06125   0.05176  -0.0661  0.9528  1.0000
   5.000   0.5046   0.06766   0.05684  -0.0846  0.7744  1.0000
   6.000   0.6034   0.07240   0.06136  -0.0856  0.6954  1.0000
   7.000   0.7025   0.07727   0.06624  -0.0855  0.6196  1.0000
   8.000   0.7988   0.08186   0.07087  -0.0837  0.5476  1.0000
   9.000   0.8666   0.08844   0.07760  -0.0806  0.4816  1.0000
  11.000   0.8600   0.12064   0.11022  -0.0812  0.3948  1.0000
   0.000  -0.2239   0.03985   0.02803  -0.0153  1.0000  0.2265
   1.000  -0.1347   0.03654   0.02396  -0.0119  1.0000  0.2690
   2.000  -0.0277   0.03496   0.02293  -0.0118  1.0000  0.4120
   3.000   0.0911   0.03580   0.02412  -0.0146  1.0000  1.0000
   4.000   0.1619   0.03850   0.02644  -0.0109  1.0000  1.0000
   5.000   0.2286   0.04180   0.02974  -0.0077  1.0000  1.0000
   6.000   0.2892   0.04596   0.03424  -0.0052  1.0000  1.0000
   9.000   1.1340   0.05824   0.04725  -0.0574  0.1616  1.0000
  10.000   1.1036   0.07074   0.06099  -0.0380  0.1627  1.0000
  11.000   0.9881   0.08336   0.07446  -0.0157  0.1728  1.0000
  12.000   0.7849   0.11796   0.10913  -0.0260  0.2331  1.0000
  14.000   0.7111   0.16107   0.15204  -0.0483  0.3486  1.0000
  15.000   0.7356   0.17456   0.16548  -0.0496  0.3071  1.0000
   0.000??????????????????????????????????????  0.0175  0.8639
